<?xml version="1.0" encoding="UTF-8"?>
<coverage generated="1698732283687" clover="3.2.0">
  <project timestamp="1698732283687" name="All files">
    <metrics statements="8" coveredstatements="6" conditionals="2" coveredconditionals="0" methods="4" coveredmethods="3" elements="14" coveredelements="9" complexity="0" loc="8" ncloc="8" packages="1" files="4" classes="4"/>
    <file name="greet.tsx" path="F:\1 - iVoyant\1 - LEARNINGS\1 - GIT CLONES\React-testing-Library\src\components\greet\greet.tsx">
      <metrics statements="2" coveredstatements="2" conditionals="0" coveredconditionals="0" methods="1" coveredmethods="1"/>
      <line num="1" count="1" type="stmt"/>
      <line num="2" count="1" type="stmt"/>
    </file>
    <file name="greetFour.tsx" path="F:\1 - iVoyant\1 - LEARNINGS\1 - GIT CLONES\React-testing-Library\src\components\greet\greetFour.tsx">
      <metrics statements="2" coveredstatements="0" conditionals="2" coveredconditionals="0" methods="1" coveredmethods="0"/>
      <line num="5" count="0" type="stmt"/>
      <line num="6" count="0" type="stmt"/>
    </file>
    <file name="greetThree.tsx" path="F:\1 - iVoyant\1 - LEARNINGS\1 - GIT CLONES\React-testing-Library\src\components\greet\greetThree.tsx">
      <metrics statements="2" coveredstatements="2" conditionals="0" coveredconditionals="0" methods="1" coveredmethods="1"/>
      <line num="7" count="1" type="stmt"/>
      <line num="8" count="1" type="stmt"/>
    </file>
    <file name="greetTwo.tsx" path="F:\1 - iVoyant\1 - LEARNINGS\1 - GIT CLONES\React-testing-Library\src\components\greet\greetTwo.tsx">
      <metrics statements="2" coveredstatements="2" conditionals="0" coveredconditionals="0" methods="1" coveredmethods="1"/>
      <line num="5" count="4" type="stmt"/>
      <line num="6" count="4" type="stmt"/>
    </file>
  </project>
</coverage>
