{"F:\\1 - iVoyant\\1 - LEARNINGS\\1 - GIT CLONES\\React-testing-Library\\src\\components\\greet\\greet.tsx": {"path":"F:\\1 - iVoyant\\1 - LEARNINGS\\1 - GIT CLONES\\React-testing-Library\\src\\components\\greet\\greet.tsx","statementMap":{"0":{"start":{"line":1,"column":21},"end":{"line":7,"column":1}},"1":{"start":{"line":2,"column":2},"end":{"line":6,"column":3}}},"fnMap":{"0":{"name":"(anonymous_0)","decl":{"start":{"line":1,"column":21},"end":{"line":1,"column":22}},"loc":{"start":{"line":1,"column":27},"end":{"line":7,"column":1}},"line":1}},"branchMap":{},"s":{"0":1,"1":1},"f":{"0":1},"b":{},"_coverageSchema":"1a1c01bbd47fc00a2c39e90264f33305004495a9","hash":"bbf8d574cf403a7af8645f450d3a186b7d108ed8"}
,"F:\\1 - iVoyant\\1 - LEARNINGS\\1 - GIT CLONES\\React-testing-Library\\src\\components\\greet\\greetFour.tsx": {"path":"F:\\1 - iVoyant\\1 - LEARNINGS\\1 - GIT CLONES\\React-testing-Library\\src\\components\\greet\\greetFour.tsx","statementMap":{"0":{"start":{"line":5,"column":19},"end":{"line":11,"column":1}},"1":{"start":{"line":6,"column":2},"end":{"line":10,"column":3}}},"fnMap":{"0":{"name":"(anonymous_0)","decl":{"start":{"line":5,"column":19},"end":{"line":5,"column":20}},"loc":{"start":{"line":5,"column":42},"end":{"line":11,"column":1}},"line":5}},"branchMap":{"0":{"loc":{"start":{"line":8,"column":13},"end":{"line":8,"column":46}},"type":"cond-expr","locations":[{"start":{"line":8,"column":26},"end":{"line":8,"column":36}},{"start":{"line":8,"column":39},"end":{"line":8,"column":46}}],"line":8}},"s":{"0":0,"1":0},"f":{"0":0},"b":{"0":[0,0]}}
,"F:\\1 - iVoyant\\1 - LEARNINGS\\1 - GIT CLONES\\React-testing-Library\\src\\components\\greet\\greetThree.tsx": {"path":"F:\\1 - iVoyant\\1 - LEARNINGS\\1 - GIT CLONES\\React-testing-Library\\src\\components\\greet\\greetThree.tsx","statementMap":{"0":{"start":{"line":7,"column":19},"end":{"line":14,"column":1}},"1":{"start":{"line":8,"column":2},"end":{"line":13,"column":3}}},"fnMap":{"0":{"name":"(anonymous_0)","decl":{"start":{"line":7,"column":19},"end":{"line":7,"column":20}},"loc":{"start":{"line":7,"column":42},"end":{"line":14,"column":1}},"line":7}},"branchMap":{},"s":{"0":1,"1":1},"f":{"0":1},"b":{},"_coverageSchema":"1a1c01bbd47fc00a2c39e90264f33305004495a9","hash":"256b09c4024a4bb7f813efb22628fb1f286ae09b"}
,"F:\\1 - iVoyant\\1 - LEARNINGS\\1 - GIT CLONES\\React-testing-Library\\src\\components\\greet\\greetTwo.tsx": {"path":"F:\\1 - iVoyant\\1 - LEARNINGS\\1 - GIT CLONES\\React-testing-Library\\src\\components\\greet\\greetTwo.tsx","statementMap":{"0":{"start":{"line":5,"column":17},"end":{"line":12,"column":1}},"1":{"start":{"line":6,"column":2},"end":{"line":11,"column":3}}},"fnMap":{"0":{"name":"(anonymous_0)","decl":{"start":{"line":5,"column":17},"end":{"line":5,"column":18}},"loc":{"start":{"line":5,"column":40},"end":{"line":12,"column":1}},"line":5}},"branchMap":{},"s":{"0":4,"1":4},"f":{"0":4},"b":{},"_coverageSchema":"1a1c01bbd47fc00a2c39e90264f33305004495a9","hash":"cd07d569d1e07592eedce36e068281c4c07f49a8"}
}
